[0m15:05:18.760480 [debug] [MainThread]: Sending event: {'category': 'dbt', 'action': 'invocation', 'label': 'start', 'context': [<snowplow_tracker.self_describing_json.SelfDescribingJson object at 0x7835a89527b0>, <snowplow_tracker.self_describing_json.SelfDescribingJson object at 0x7835a850e9c0>, <snowplow_tracker.self_describing_json.SelfDescribingJson object at 0x7835a959b740>]}


============================== 15:05:18.762811 | 2f732dfd-5f39-4701-a476-c6615adc7c09 ==============================
[0m15:05:18.762811 [info ] [MainThread]: Running with dbt=1.10.3
[0m15:05:18.763188 [debug] [MainThread]: running dbt with arguments {'printer_width': '80', 'indirect_selection': 'eager', 'log_cache_events': 'False', 'write_json': 'True', 'partial_parse': 'True', 'cache_selected_only': 'False', 'profiles_dir': '/home/user5/.dbt', 'debug': 'False', 'warn_error': 'None', 'log_path': 'logs', 'version_check': 'True', 'fail_fast': 'False', 'use_colors': 'True', 'use_experimental_parser': 'False', 'empty': 'None', 'quiet': 'False', 'no_print': 'None', 'log_format': 'default', 'invocation_command': 'dbt init my_project', 'warn_error_options': 'WarnErrorOptionsV2(error=[], warn=[], silence=[])', 'introspect': 'True', 'target_path': 'None', 'static_parser': 'True', 'send_anonymous_usage_stats': 'True'}
[0m15:05:18.768996 [info ] [MainThread]: Creating dbt configuration folder at /home/user5/.dbt
[0m15:05:18.770074 [debug] [MainThread]: Starter project path: /home/user5/Desktop/DBT practice/dbt-env/lib/python3.12/site-packages/dbt/include/starter_project
[0m15:05:18.779085 [info ] [MainThread]: 
Your new dbt project "my_project" was created!

For more information on how to configure the profiles.yml file,
please consult the dbt documentation here:

  https://docs.getdbt.com/docs/configure-your-profile

One more thing:

Need help? Don't hesitate to reach out to us via GitHub issues or on Slack:

  https://community.getdbt.com/

Happy modeling!

[0m15:05:18.779484 [info ] [MainThread]: Setting up your profile.
[0m15:07:36.048291 [info ] [MainThread]: Profile my_project written to /home/user5/.dbt/profiles.yml using target's profile_template.yml and your supplied values. Run 'dbt debug' to validate the connection.
[0m15:07:36.050477 [debug] [MainThread]: Resource report: {"command_name": "init", "command_success": true, "command_wall_clock_time": 137.32732, "process_in_blocks": "8", "process_kernel_time": 0.078865, "process_mem_max_rss": "103884", "process_out_blocks": "80", "process_user_time": 0.93441}
[0m15:07:36.051546 [debug] [MainThread]: Command `dbt init` succeeded at 15:07:36.051399 after 137.33 seconds
[0m15:07:36.051834 [debug] [MainThread]: Sending event: {'category': 'dbt', 'action': 'invocation', 'label': 'end', 'context': [<snowplow_tracker.self_describing_json.SelfDescribingJson object at 0x7835aaad9700>, <snowplow_tracker.self_describing_json.SelfDescribingJson object at 0x7835a89b9430>, <snowplow_tracker.self_describing_json.SelfDescribingJson object at 0x7835a8089940>]}
[0m15:07:36.052175 [debug] [MainThread]: Flushing usage events
[0m15:07:37.094498 [debug] [MainThread]: An error was encountered while trying to flush usage events
